15:56:35 **** Incremental Build of configuration Debug for project STM_CAMARA_PROPIO ****
make -j8 all 
arm-none-eabi-gcc "../Core/Src/lcdIli9341/lcdIli9341.c" -mcpu=cortex-m4 -std=gnu11 -g3 -DDEBUG -DUSE_HAL_DRIVER -DSTM32F407xx -c -I../USB_HOST/App -I../USB_HOST/Target -I../Core/Inc -I../Drivers/STM32F4xx_HAL_Driver/Inc -I../Drivers/STM32F4xx_HAL_Driver/Inc/Legacy -I../Middlewares/ST/STM32_USB_Host_Library/Core/Inc -I../Middlewares/ST/STM32_USB_Host_Library/Class/CDC/Inc -I../Drivers/CMSIS/Device/ST/STM32F4xx/Include -I../Drivers/CMSIS/Include -O0 -ffunction-sections -fdata-sections -Wall -fstack-usage -MMD -MP -MF"Core/Src/lcdIli9341/lcdIli9341.d" -MT"Core/Src/lcdIli9341/lcdIli9341.o" --specs=nano.specs -mfpu=fpv4-sp-d16 -mfloat-abi=hard -mthumb -o "Core/Src/lcdIli9341/lcdIli9341.o"
../Core/Src/lcdIli9341/lcdIli9341.c: In function 'ILI9341_printText':
../Core/Src/lcdIli9341/lcdIli9341.c:499:35: warning: comparison between pointer and integer
  499 |  for(uint16_t i=0; i<40 && text[i]!=NULL; i++)
      |                                   ^~
At top level:
../Core/Src/lcdIli9341/lcdIli9341.c:265:13: warning: 'drawCircleHelper' defined but not used [-Wunused-function]
  265 | static void drawCircleHelper( int16_t x0, int16_t y0, int16_t r, uint8_t cornername, uint16_t color)
      |             ^~~~~~~~~~~~~~~~
arm-none-eabi-gcc -o "STM_CAMARA_PROPIO.elf" @"objects.list"   -mcpu=cortex-m4 -T"D:\PRUEBAS_CUBEIDE\PRUEBA_1_HUAWEI\STM_CAMARA_PROPIO\STM32F407VGTX_FLASH.ld" --specs=nosys.specs -Wl,-Map="STM_CAMARA_PROPIO.map" -Wl,--gc-sections -static --specs=nano.specs -mfpu=fpv4-sp-d16 -mfloat-abi=hard -mthumb -Wl,--start-group -lc -lm -Wl,--end-group
Finished building target: STM_CAMARA_PROPIO.elf
 
arm-none-eabi-size   STM_CAMARA_PROPIO.elf 
arm-none-eabi-objdump -h -S  STM_CAMARA_PROPIO.elf  > "STM_CAMARA_PROPIO.list"
   text	   data	    bss	    dec	    hex	filename
  51808	    156	   4220	  56184	   db78	STM_CAMARA_PROPIO.elf
Finished building: default.size.stdout
 
Finished building: STM_CAMARA_PROPIO.list
 
15:56:40 **** Incremental Build of configuration Debug for project STM_CAMARA_PROPIO ****
make -j8 all 
arm-none-eabi-size   STM_CAMARA_PROPIO.elf 
   text	   data	    bss	    dec	    hex	filename
  51808	    156	   4220	  56184	   db78	STM_CAMARA_PROPIO.elf
Finished building: default.size.stdout
 
15:58:26 **** Incremental Build of configuration Debug for project STM_CAMARA_PROPIO ****
make -j8 all 
arm-none-eabi-gcc "../Core/Src/ov7670/ov7670.c" -mcpu=cortex-m4 -std=gnu11 -g3 -DDEBUG -DUSE_HAL_DRIVER -DSTM32F407xx -c -I../USB_HOST/App -I../USB_HOST/Target -I../Core/Inc -I../Drivers/STM32F4xx_HAL_Driver/Inc -I../Drivers/STM32F4xx_HAL_Driver/Inc/Legacy -I../Middlewares/ST/STM32_USB_Host_Library/Core/Inc -I../Middlewares/ST/STM32_USB_Host_Library/Class/CDC/Inc -I../Drivers/CMSIS/Device/ST/STM32F4xx/Include -I../Drivers/CMSIS/Include -O0 -ffunction-sections -fdata-sections -Wall -fstack-usage -MMD -MP -MF"Core/Src/ov7670/ov7670.d" -MT"Core/Src/ov7670/ov7670.o" --specs=nano.specs -mfpu=fpv4-sp-d16 -mfloat-abi=hard -mthumb -o "Core/Src/ov7670/ov7670.o"
../Core/Src/ov7670/ov7670.c: In function 'ov7670_startCap':
../Core/Src/ov7670/ov7670.c:102:8: warning: implicit declaration of function 'ILI9341_Fill' [-Wimplicit-function-declaration]
  102 |        ILI9341_Fill(0xFFFF);   //LIGHTGREEN
      |        ^~~~~~~~~~~~
arm-none-eabi-gcc -o "STM_CAMARA_PROPIO.elf" @"objects.list"   -mcpu=cortex-m4 -T"D:\PRUEBAS_CUBEIDE\PRUEBA_1_HUAWEI\STM_CAMARA_PROPIO\STM32F407VGTX_FLASH.ld" --specs=nosys.specs -Wl,-Map="STM_CAMARA_PROPIO.map" -Wl,--gc-sections -static --specs=nano.specs -mfpu=fpv4-sp-d16 -mfloat-abi=hard -mthumb -Wl,--start-group -lc -lm -Wl,--end-group
Finished building target: STM_CAMARA_PROPIO.elf
 
arm-none-eabi-size   STM_CAMARA_PROPIO.elf 
arm-none-eabi-objdump -h -S  STM_CAMARA_PROPIO.elf  > "STM_CAMARA_PROPIO.list"
   text	   data	    bss	    dec	    hex	filename
  51800	    156	   4220	  56176	   db70	STM_CAMARA_PROPIO.elf
Finished building: default.size.stdout
 
Finished building: STM_CAMARA_PROPIO.list
 
16:00:28 **** Incremental Build of configuration Debug for project STM_CAMARA_PROPIO ****
make -j8 all 
arm-none-eabi-gcc "../Core/Src/lcdIli9341/lcdIli9341.c" -mcpu=cortex-m4 -std=gnu11 -g3 -DDEBUG -DUSE_HAL_DRIVER -DSTM32F407xx -c -I../USB_HOST/App -I../USB_HOST/Target -I../Core/Inc -I../Drivers/STM32F4xx_HAL_Driver/Inc -I../Drivers/STM32F4xx_HAL_Driver/Inc/Legacy -I../Middlewares/ST/STM32_USB_Host_Library/Core/Inc -I../Middlewares/ST/STM32_USB_Host_Library/Class/CDC/Inc -I../Drivers/CMSIS/Device/ST/STM32F4xx/Include -I../Drivers/CMSIS/Include -O0 -ffunction-sections -fdata-sections -Wall -fstack-usage -MMD -MP -MF"Core/Src/lcdIli9341/lcdIli9341.d" -MT"Core/Src/lcdIli9341/lcdIli9341.o" --specs=nano.specs -mfpu=fpv4-sp-d16 -mfloat-abi=hard -mthumb -o "Core/Src/lcdIli9341/lcdIli9341.o"
../Core/Src/lcdIli9341/lcdIli9341.c: In function 'ILI9341_printText':
../Core/Src/lcdIli9341/lcdIli9341.c:499:35: warning: comparison between pointer and integer
  499 |  for(uint16_t i=0; i<40 && text[i]!=NULL; i++)
      |                                   ^~
At top level:
../Core/Src/lcdIli9341/lcdIli9341.c:265:13: warning: 'drawCircleHelper' defined but not used [-Wunused-function]
  265 | static void drawCircleHelper( int16_t x0, int16_t y0, int16_t r, uint8_t cornername, uint16_t color)
      |             ^~~~~~~~~~~~~~~~
arm-none-eabi-gcc -o "STM_CAMARA_PROPIO.elf" @"objects.list"   -mcpu=cortex-m4 -T"D:\PRUEBAS_CUBEIDE\PRUEBA_1_HUAWEI\STM_CAMARA_PROPIO\STM32F407VGTX_FLASH.ld" --specs=nosys.specs -Wl,-Map="STM_CAMARA_PROPIO.map" -Wl,--gc-sections -static --specs=nano.specs -mfpu=fpv4-sp-d16 -mfloat-abi=hard -mthumb -Wl,--start-group -lc -lm -Wl,--end-group
Finished building target: STM_CAMARA_PROPIO.elf
 
arm-none-eabi-size   STM_CAMARA_PROPIO.elf 
arm-none-eabi-objdump -h -S  STM_CAMARA_PROPIO.elf  > "STM_CAMARA_PROPIO.list"
   text	   data	    bss	    dec	    hex	filename
  51796	    156	   4220	  56172	   db6c	STM_CAMARA_PROPIO.elf
Finished building: default.size.stdout
 
Finished building: STM_CAMARA_PROPIO.list
 
16:03:25 **** Incremental Build of configuration Debug for project STM_CAMARA_PROPIO ****
make -j8 all 
arm-none-eabi-gcc "../Core/Src/ov7670/ov7670.c" -mcpu=cortex-m4 -std=gnu11 -g3 -DDEBUG -DUSE_HAL_DRIVER -DSTM32F407xx -c -I../USB_HOST/App -I../USB_HOST/Target -I../Core/Inc -I../Drivers/STM32F4xx_HAL_Driver/Inc -I../Drivers/STM32F4xx_HAL_Driver/Inc/Legacy -I../Middlewares/ST/STM32_USB_Host_Library/Core/Inc -I../Middlewares/ST/STM32_USB_Host_Library/Class/CDC/Inc -I../Drivers/CMSIS/Device/ST/STM32F4xx/Include -I../Drivers/CMSIS/Include -O0 -ffunction-sections -fdata-sections -Wall -fstack-usage -MMD -MP -MF"Core/Src/ov7670/ov7670.d" -MT"Core/Src/ov7670/ov7670.o" --specs=nano.specs -mfpu=fpv4-sp-d16 -mfloat-abi=hard -mthumb -o "Core/Src/ov7670/ov7670.o"
arm-none-eabi-gcc -o "STM_CAMARA_PROPIO.elf" @"objects.list"   -mcpu=cortex-m4 -T"D:\PRUEBAS_CUBEIDE\PRUEBA_1_HUAWEI\STM_CAMARA_PROPIO\STM32F407VGTX_FLASH.ld" --specs=nosys.specs -Wl,-Map="STM_CAMARA_PROPIO.map" -Wl,--gc-sections -static --specs=nano.specs -mfpu=fpv4-sp-d16 -mfloat-abi=hard -mthumb -Wl,--start-group -lc -lm -Wl,--end-group
Finished building target: STM_CAMARA_PROPIO.elf
 
arm-none-eabi-size   STM_CAMARA_PROPIO.elf 
arm-none-eabi-objdump -h -S  STM_CAMARA_PROPIO.elf  > "STM_CAMARA_PROPIO.list"
   text	   data	    bss	    dec	    hex	filename
  51720	    156	   4220	  56096	   db20	STM_CAMARA_PROPIO.elf
Finished building: default.size.stdout
 
Finished building: STM_CAMARA_PROPIO.list
 
16:05:08 **** Incremental Build of configuration Debug for project STM_CAMARA_PROPIO ****
make -j8 all 
arm-none-eabi-gcc "../Core/Src/lcdIli9341/lcdIli9341.c" -mcpu=cortex-m4 -std=gnu11 -g3 -DDEBUG -DUSE_HAL_DRIVER -DSTM32F407xx -c -I../USB_HOST/App -I../USB_HOST/Target -I../Core/Inc -I../Drivers/STM32F4xx_HAL_Driver/Inc -I../Drivers/STM32F4xx_HAL_Driver/Inc/Legacy -I../Middlewares/ST/STM32_USB_Host_Library/Core/Inc -I../Middlewares/ST/STM32_USB_Host_Library/Class/CDC/Inc -I../Drivers/CMSIS/Device/ST/STM32F4xx/Include -I../Drivers/CMSIS/Include -O0 -ffunction-sections -fdata-sections -Wall -fstack-usage -MMD -MP -MF"Core/Src/lcdIli9341/lcdIli9341.d" -MT"Core/Src/lcdIli9341/lcdIli9341.o" --specs=nano.specs -mfpu=fpv4-sp-d16 -mfloat-abi=hard -mthumb -o "Core/Src/lcdIli9341/lcdIli9341.o"
../Core/Src/lcdIli9341/lcdIli9341.c: In function 'ILI9341_printText':
../Core/Src/lcdIli9341/lcdIli9341.c:499:35: warning: comparison between pointer and integer
  499 |  for(uint16_t i=0; i<40 && text[i]!=NULL; i++)
      |                                   ^~
At top level:
../Core/Src/lcdIli9341/lcdIli9341.c:265:13: warning: 'drawCircleHelper' defined but not used [-Wunused-function]
  265 | static void drawCircleHelper( int16_t x0, int16_t y0, int16_t r, uint8_t cornername, uint16_t color)
      |             ^~~~~~~~~~~~~~~~
arm-none-eabi-gcc -o "STM_CAMARA_PROPIO.elf" @"objects.list"   -mcpu=cortex-m4 -T"D:\PRUEBAS_CUBEIDE\PRUEBA_1_HUAWEI\STM_CAMARA_PROPIO\STM32F407VGTX_FLASH.ld" --specs=nosys.specs -Wl,-Map="STM_CAMARA_PROPIO.map" -Wl,--gc-sections -static --specs=nano.specs -mfpu=fpv4-sp-d16 -mfloat-abi=hard -mthumb -Wl,--start-group -lc -lm -Wl,--end-group
Finished building target: STM_CAMARA_PROPIO.elf
 
arm-none-eabi-size   STM_CAMARA_PROPIO.elf 
arm-none-eabi-objdump -h -S  STM_CAMARA_PROPIO.elf  > "STM_CAMARA_PROPIO.list"
   text	   data	    bss	    dec	    hex	filename
  51724	    156	   4220	  56100	   db24	STM_CAMARA_PROPIO.elf
Finished building: default.size.stdout
 
Finished building: STM_CAMARA_PROPIO.list
 
16:09:04 **** Incremental Build of configuration Debug for project STM_CAMARA_PROPIO ****
make -j8 all 
arm-none-eabi-gcc "../Core/Src/ov7670/ov7670.c" -mcpu=cortex-m4 -std=gnu11 -g3 -DDEBUG -DUSE_HAL_DRIVER -DSTM32F407xx -c -I../USB_HOST/App -I../USB_HOST/Target -I../Core/Inc -I../Drivers/STM32F4xx_HAL_Driver/Inc -I../Drivers/STM32F4xx_HAL_Driver/Inc/Legacy -I../Middlewares/ST/STM32_USB_Host_Library/Core/Inc -I../Middlewares/ST/STM32_USB_Host_Library/Class/CDC/Inc -I../Drivers/CMSIS/Device/ST/STM32F4xx/Include -I../Drivers/CMSIS/Include -O0 -ffunction-sections -fdata-sections -Wall -fstack-usage -MMD -MP -MF"Core/Src/ov7670/ov7670.d" -MT"Core/Src/ov7670/ov7670.o" --specs=nano.specs -mfpu=fpv4-sp-d16 -mfloat-abi=hard -mthumb -o "Core/Src/ov7670/ov7670.o"
arm-none-eabi-gcc "../Core/Src/lcdIli9341/lcdIli9341.c" -mcpu=cortex-m4 -std=gnu11 -g3 -DDEBUG -DUSE_HAL_DRIVER -DSTM32F407xx -c -I../USB_HOST/App -I../USB_HOST/Target -I../Core/Inc -I../Drivers/STM32F4xx_HAL_Driver/Inc -I../Drivers/STM32F4xx_HAL_Driver/Inc/Legacy -I../Middlewares/ST/STM32_USB_Host_Library/Core/Inc -I../Middlewares/ST/STM32_USB_Host_Library/Class/CDC/Inc -I../Drivers/CMSIS/Device/ST/STM32F4xx/Include -I../Drivers/CMSIS/Include -O0 -ffunction-sections -fdata-sections -Wall -fstack-usage -MMD -MP -MF"Core/Src/lcdIli9341/lcdIli9341.d" -MT"Core/Src/lcdIli9341/lcdIli9341.o" --specs=nano.specs -mfpu=fpv4-sp-d16 -mfloat-abi=hard -mthumb -o "Core/Src/lcdIli9341/lcdIli9341.o"
arm-none-eabi-gcc "../Core/Src/main.c" -mcpu=cortex-m4 -std=gnu11 -g3 -DDEBUG -DUSE_HAL_DRIVER -DSTM32F407xx -c -I../USB_HOST/App -I../USB_HOST/Target -I../Core/Inc -I../Drivers/STM32F4xx_HAL_Driver/Inc -I../Drivers/STM32F4xx_HAL_Driver/Inc/Legacy -I../Middlewares/ST/STM32_USB_Host_Library/Core/Inc -I../Middlewares/ST/STM32_USB_Host_Library/Class/CDC/Inc -I../Drivers/CMSIS/Device/ST/STM32F4xx/Include -I../Drivers/CMSIS/Include -O0 -ffunction-sections -fdata-sections -Wall -fstack-usage -MMD -MP -MF"Core/Src/main.d" -MT"Core/Src/main.o" --specs=nano.specs -mfpu=fpv4-sp-d16 -mfloat-abi=hard -mthumb -o "Core/Src/main.o"
../Core/Src/lcdIli9341/lcdIli9341.c: In function 'ILI9341_printText':
../Core/Src/lcdIli9341/lcdIli9341.c:462:35: warning: comparison between pointer and integer
  462 |  for(uint16_t i=0; i<40 && text[i]!=NULL; i++)
      |                                   ^~
At top level:
../Core/Src/lcdIli9341/lcdIli9341.c:228:13: warning: 'drawCircleHelper' defined but not used [-Wunused-function]
  228 | static void drawCircleHelper( int16_t x0, int16_t y0, int16_t r, uint8_t cornername, uint16_t color)
      |             ^~~~~~~~~~~~~~~~
../Core/Src/main.c: In function 'main':
../Core/Src/main.c:153:3: warning: implicit declaration of function 'retarget_init' [-Wimplicit-function-declaration]
  153 |   retarget_init();
      |   ^~~~~~~~~~~~~
../Core/Src/main.c:222:41: warning: passing argument 2 of 'ov7670_startCap' makes integer from pointer without a cast [-Wint-conversion]
  222 |  ov7670_startCap(OV7670_CAP_CONTINUOUS, p_lcdData);    // ya intenté: 1.-directamente con 0x60040000 y 0x60000000
      |                                         ^~~~~~~~~
      |                                         |
      |                                         uint8_t * {aka unsigned char *}
In file included from ../Core/Src/main.c:29:
../Core/Src/./ov7670/ov7670.h:20:48: note: expected 'uint32_t' {aka 'long unsigned int'} but argument is of type 'uint8_t *' {aka 'unsigned char *'}
   20 | RET ov7670_startCap(uint32_t capMode, uint32_t destAddress);
      |                                       ~~~~~~~~~^~~~~~~~~~~
../Core/Src/main.c:203:11: warning: unused variable 'myImage1' [-Wunused-variable]
  203 |  uint8_t* myImage1;
      |           ^~~~~~~~
In file included from ../Core/Src/main.c:27:
../Core/Src/main.c: At top level:
../Core/Src/./lcdIli9341/lcdIli9341.h:374:13: warning: 'drawCircleHelper' declared 'static' but never defined [-Wunused-function]
  374 | static void drawCircleHelper( int16_t x0, int16_t y0, int16_t r, uint8_t cornername, uint16_t color);
      |             ^~~~~~~~~~~~~~~~
../Core/Src/./lcdIli9341/lcdIli9341.h:375:13: warning: 'fillCircleHelper' declared 'static' but never defined [-Wunused-function]
  375 | static void fillCircleHelper(int16_t x0, int16_t y0, int16_t r, uint8_t cornername, int16_t delta, uint16_t color);
      |             ^~~~~~~~~~~~~~~~
arm-none-eabi-gcc -o "STM_CAMARA_PROPIO.elf" @"objects.list"   -mcpu=cortex-m4 -T"D:\PRUEBAS_CUBEIDE\PRUEBA_1_HUAWEI\STM_CAMARA_PROPIO\STM32F407VGTX_FLASH.ld" --specs=nosys.specs -Wl,-Map="STM_CAMARA_PROPIO.map" -Wl,--gc-sections -static --specs=nano.specs -mfpu=fpv4-sp-d16 -mfloat-abi=hard -mthumb -Wl,--start-group -lc -lm -Wl,--end-group
Finished building target: STM_CAMARA_PROPIO.elf
 
arm-none-eabi-size   STM_CAMARA_PROPIO.elf 
arm-none-eabi-objdump -h -S  STM_CAMARA_PROPIO.elf  > "STM_CAMARA_PROPIO.list"
   text	   data	    bss	    dec	    hex	filename
  51696	    156	   4220	  56072	   db08	STM_CAMARA_PROPIO.elf
Finished building: default.size.stdout
 
Finished building: STM_CAMARA_PROPIO.list
 
16:12:10 **** Incremental Build of configuration Debug for project STM_CAMARA_PROPIO ****
make -j8 all 
arm-none-eabi-gcc "../Core/Src/ov7670/ov7670.c" -mcpu=cortex-m4 -std=gnu11 -g3 -DDEBUG -DUSE_HAL_DRIVER -DSTM32F407xx -c -I../USB_HOST/App -I../USB_HOST/Target -I../Core/Inc -I../Drivers/STM32F4xx_HAL_Driver/Inc -I../Drivers/STM32F4xx_HAL_Driver/Inc/Legacy -I../Middlewares/ST/STM32_USB_Host_Library/Core/Inc -I../Middlewares/ST/STM32_USB_Host_Library/Class/CDC/Inc -I../Drivers/CMSIS/Device/ST/STM32F4xx/Include -I../Drivers/CMSIS/Include -O0 -ffunction-sections -fdata-sections -Wall -fstack-usage -MMD -MP -MF"Core/Src/ov7670/ov7670.d" -MT"Core/Src/ov7670/ov7670.o" --specs=nano.specs -mfpu=fpv4-sp-d16 -mfloat-abi=hard -mthumb -o "Core/Src/ov7670/ov7670.o"
../Core/Src/ov7670/ov7670.c:76:5: error: conflicting types for 'ov7670_startCap'
   76 | RET ov7670_startCap(uint32_t capMode)//, uint32_t destAddress)
      |     ^~~~~~~~~~~~~~~
In file included from ../Core/Src/ov7670/ov7670.c:11:
../Core/Src/ov7670/ov7670.h:20:5: note: previous declaration of 'ov7670_startCap' was here
   20 | RET ov7670_startCap(uint32_t capMode, uint32_t destAddress);
      |     ^~~~~~~~~~~~~~~
../Core/Src/ov7670/ov7670.c: In function 'ov7670_startCap':
../Core/Src/ov7670/ov7670.c:82:37: error: 'destAddress' undeclared (first use in this function)
   82 |     s_destAddressForContiuousMode = destAddress;
      |                                     ^~~~~~~~~~~
../Core/Src/ov7670/ov7670.c:82:37: note: each undeclared identifier is reported only once for each function it appears in
make: *** [Core/Src/ov7670/subdir.mk:19: Core/Src/ov7670/ov7670.o] Error 1
"make -j8 all" terminated with exit code 2. Build might be incomplete.
16:12:50 **** Incremental Build of configuration Debug for project STM_CAMARA_PROPIO ****
make -j8 all 
arm-none-eabi-gcc "../Core/Src/ov7670/ov7670.c" -mcpu=cortex-m4 -std=gnu11 -g3 -DDEBUG -DUSE_HAL_DRIVER -DSTM32F407xx -c -I../USB_HOST/App -I../USB_HOST/Target -I../Core/Inc -I../Drivers/STM32F4xx_HAL_Driver/Inc -I../Drivers/STM32F4xx_HAL_Driver/Inc/Legacy -I../Middlewares/ST/STM32_USB_Host_Library/Core/Inc -I../Middlewares/ST/STM32_USB_Host_Library/Class/CDC/Inc -I../Drivers/CMSIS/Device/ST/STM32F4xx/Include -I../Drivers/CMSIS/Include -O0 -ffunction-sections -fdata-sections -Wall -fstack-usage -MMD -MP -MF"Core/Src/ov7670/ov7670.d" -MT"Core/Src/ov7670/ov7670.o" --specs=nano.specs -mfpu=fpv4-sp-d16 -mfloat-abi=hard -mthumb -o "Core/Src/ov7670/ov7670.o"
../Core/Src/ov7670/ov7670.c:76:5: error: conflicting types for 'ov7670_startCap'
   76 | RET ov7670_startCap(uint32_t capMode)//, uint32_t destAddress)
      |     ^~~~~~~~~~~~~~~
In file included from ../Core/Src/ov7670/ov7670.c:11:
../Core/Src/ov7670/ov7670.h:20:5: note: previous declaration of 'ov7670_startCap' was here
   20 | RET ov7670_startCap(uint32_t capMode, uint32_t destAddress);
      |     ^~~~~~~~~~~~~~~
../Core/Src/ov7670/ov7670.c: In function 'ov7670_startCap':
../Core/Src/ov7670/ov7670.c:89:54: error: 'destAddress' undeclared (first use in this function)
   89 |     HAL_DCMI_Start_DMA(sp_hdcmi, DCMI_MODE_SNAPSHOT, destAddress, OV7670_QVGA_WIDTH * OV7670_QVGA_HEIGHT/2);
      |                                                      ^~~~~~~~~~~
../Core/Src/ov7670/ov7670.c:89:54: note: each undeclared identifier is reported only once for each function it appears in
make: *** [Core/Src/ov7670/subdir.mk:19: Core/Src/ov7670/ov7670.o] Error 1
"make -j8 all" terminated with exit code 2. Build might be incomplete.
16:13:17 **** Incremental Build of configuration Debug for project STM_CAMARA_PROPIO ****
make -j8 all 
arm-none-eabi-gcc "../Core/Src/ov7670/ov7670.c" -mcpu=cortex-m4 -std=gnu11 -g3 -DDEBUG -DUSE_HAL_DRIVER -DSTM32F407xx -c -I../USB_HOST/App -I../USB_HOST/Target -I../Core/Inc -I../Drivers/STM32F4xx_HAL_Driver/Inc -I../Drivers/STM32F4xx_HAL_Driver/Inc/Legacy -I../Middlewares/ST/STM32_USB_Host_Library/Core/Inc -I../Middlewares/ST/STM32_USB_Host_Library/Class/CDC/Inc -I../Drivers/CMSIS/Device/ST/STM32F4xx/Include -I../Drivers/CMSIS/Include -O0 -ffunction-sections -fdata-sections -Wall -fstack-usage -MMD -MP -MF"Core/Src/ov7670/ov7670.d" -MT"Core/Src/ov7670/ov7670.o" --specs=nano.specs -mfpu=fpv4-sp-d16 -mfloat-abi=hard -mthumb -o "Core/Src/ov7670/ov7670.o"
../Core/Src/ov7670/ov7670.c:76:5: error: conflicting types for 'ov7670_startCap'
   76 | RET ov7670_startCap(uint32_t capMode)//, uint32_t destAddress)
      |     ^~~~~~~~~~~~~~~
In file included from ../Core/Src/ov7670/ov7670.c:11:
../Core/Src/ov7670/ov7670.h:20:5: note: previous declaration of 'ov7670_startCap' was here
   20 | RET ov7670_startCap(uint32_t capMode, uint32_t destAddress);
      |     ^~~~~~~~~~~~~~~
make: *** [Core/Src/ov7670/subdir.mk:19: Core/Src/ov7670/ov7670.o] Error 1
"make -j8 all" terminated with exit code 2. Build might be incomplete.
16:13:55 **** Incremental Build of configuration Debug for project STM_CAMARA_PROPIO ****
make -j8 all 
arm-none-eabi-gcc "../Core/Src/ov7670/ov7670.c" -mcpu=cortex-m4 -std=gnu11 -g3 -DDEBUG -DUSE_HAL_DRIVER -DSTM32F407xx -c -I../USB_HOST/App -I../USB_HOST/Target -I../Core/Inc -I../Drivers/STM32F4xx_HAL_Driver/Inc -I../Drivers/STM32F4xx_HAL_Driver/Inc/Legacy -I../Middlewares/ST/STM32_USB_Host_Library/Core/Inc -I../Middlewares/ST/STM32_USB_Host_Library/Class/CDC/Inc -I../Drivers/CMSIS/Device/ST/STM32F4xx/Include -I../Drivers/CMSIS/Include -O0 -ffunction-sections -fdata-sections -Wall -fstack-usage -MMD -MP -MF"Core/Src/ov7670/ov7670.d" -MT"Core/Src/ov7670/ov7670.o" --specs=nano.specs -mfpu=fpv4-sp-d16 -mfloat-abi=hard -mthumb -o "Core/Src/ov7670/ov7670.o"
arm-none-eabi-gcc "../Core/Src/main.c" -mcpu=cortex-m4 -std=gnu11 -g3 -DDEBUG -DUSE_HAL_DRIVER -DSTM32F407xx -c -I../USB_HOST/App -I../USB_HOST/Target -I../Core/Inc -I../Drivers/STM32F4xx_HAL_Driver/Inc -I../Drivers/STM32F4xx_HAL_Driver/Inc/Legacy -I../Middlewares/ST/STM32_USB_Host_Library/Core/Inc -I../Middlewares/ST/STM32_USB_Host_Library/Class/CDC/Inc -I../Drivers/CMSIS/Device/ST/STM32F4xx/Include -I../Drivers/CMSIS/Include -O0 -ffunction-sections -fdata-sections -Wall -fstack-usage -MMD -MP -MF"Core/Src/main.d" -MT"Core/Src/main.o" --specs=nano.specs -mfpu=fpv4-sp-d16 -mfloat-abi=hard -mthumb -o "Core/Src/main.o"
../Core/Src/main.c: In function 'main':
../Core/Src/main.c:153:3: warning: implicit declaration of function 'retarget_init' [-Wimplicit-function-declaration]
  153 |   retarget_init();
      |   ^~~~~~~~~~~~~
../Core/Src/main.c:222:2: error: too many arguments to function 'ov7670_startCap'
  222 |  ov7670_startCap(OV7670_CAP_CONTINUOUS, p_lcdData);    // ya intenté: 1.-directamente con 0x60040000 y 0x60000000
      |  ^~~~~~~~~~~~~~~
In file included from ../Core/Src/main.c:29:
../Core/Src/./ov7670/ov7670.h:20:5: note: declared here
   20 | RET ov7670_startCap(uint32_t capMode /*, uint32_t destAddress*/);
      |     ^~~~~~~~~~~~~~~
../Core/Src/main.c:203:11: warning: unused variable 'myImage1' [-Wunused-variable]
  203 |  uint8_t* myImage1;
      |           ^~~~~~~~
In file included from ../Core/Src/main.c:27:
../Core/Src/main.c: At top level:
../Core/Src/./lcdIli9341/lcdIli9341.h:374:13: warning: 'drawCircleHelper' declared 'static' but never defined [-Wunused-function]
  374 | static void drawCircleHelper( int16_t x0, int16_t y0, int16_t r, uint8_t cornername, uint16_t color);
      |             ^~~~~~~~~~~~~~~~
../Core/Src/./lcdIli9341/lcdIli9341.h:375:13: warning: 'fillCircleHelper' declared 'static' but never defined [-Wunused-function]
  375 | static void fillCircleHelper(int16_t x0, int16_t y0, int16_t r, uint8_t cornername, int16_t delta, uint16_t color);
      |             ^~~~~~~~~~~~~~~~
make: *** [Core/Src/subdir.mk:37: Core/Src/main.o] Error 1
make: *** Waiting for unfinished jobs....
"make -j8 all" terminated with exit code 2. Build might be incomplete.
16:14:30 **** Incremental Build of configuration Debug for project STM_CAMARA_PROPIO ****
make -j8 all 
arm-none-eabi-gcc "../Core/Src/main.c" -mcpu=cortex-m4 -std=gnu11 -g3 -DDEBUG -DUSE_HAL_DRIVER -DSTM32F407xx -c -I../USB_HOST/App -I../USB_HOST/Target -I../Core/Inc -I../Drivers/STM32F4xx_HAL_Driver/Inc -I../Drivers/STM32F4xx_HAL_Driver/Inc/Legacy -I../Middlewares/ST/STM32_USB_Host_Library/Core/Inc -I../Middlewares/ST/STM32_USB_Host_Library/Class/CDC/Inc -I../Drivers/CMSIS/Device/ST/STM32F4xx/Include -I../Drivers/CMSIS/Include -O0 -ffunction-sections -fdata-sections -Wall -fstack-usage -MMD -MP -MF"Core/Src/main.d" -MT"Core/Src/main.o" --specs=nano.specs -mfpu=fpv4-sp-d16 -mfloat-abi=hard -mthumb -o "Core/Src/main.o"
../Core/Src/main.c: In function 'main':
../Core/Src/main.c:153:3: warning: implicit declaration of function 'retarget_init' [-Wimplicit-function-declaration]
  153 |   retarget_init();
      |   ^~~~~~~~~~~~~
../Core/Src/main.c:203:11: warning: unused variable 'myImage1' [-Wunused-variable]
  203 |  uint8_t* myImage1;
      |           ^~~~~~~~
../Core/Src/main.c:202:11: warning: variable 'p_lcdData' set but not used [-Wunused-but-set-variable]
  202 |  uint8_t* p_lcdData;
      |           ^~~~~~~~~
In file included from ../Core/Src/main.c:27:
../Core/Src/main.c: At top level:
../Core/Src/./lcdIli9341/lcdIli9341.h:374:13: warning: 'drawCircleHelper' declared 'static' but never defined [-Wunused-function]
  374 | static void drawCircleHelper( int16_t x0, int16_t y0, int16_t r, uint8_t cornername, uint16_t color);
      |             ^~~~~~~~~~~~~~~~
../Core/Src/./lcdIli9341/lcdIli9341.h:375:13: warning: 'fillCircleHelper' declared 'static' but never defined [-Wunused-function]
  375 | static void fillCircleHelper(int16_t x0, int16_t y0, int16_t r, uint8_t cornername, int16_t delta, uint16_t color);
      |             ^~~~~~~~~~~~~~~~
arm-none-eabi-gcc -o "STM_CAMARA_PROPIO.elf" @"objects.list"   -mcpu=cortex-m4 -T"D:\PRUEBAS_CUBEIDE\PRUEBA_1_HUAWEI\STM_CAMARA_PROPIO\STM32F407VGTX_FLASH.ld" --specs=nosys.specs -Wl,-Map="STM_CAMARA_PROPIO.map" -Wl,--gc-sections -static --specs=nano.specs -mfpu=fpv4-sp-d16 -mfloat-abi=hard -mthumb -Wl,--start-group -lc -lm -Wl,--end-group
Finished building target: STM_CAMARA_PROPIO.elf
 
arm-none-eabi-size   STM_CAMARA_PROPIO.elf 
arm-none-eabi-objdump -h -S  STM_CAMARA_PROPIO.elf  > "STM_CAMARA_PROPIO.list"
   text	   data	    bss	    dec	    hex	filename
  51688	    156	   4220	  56064	   db00	STM_CAMARA_PROPIO.elf
Finished building: default.size.stdout
 
Finished building: STM_CAMARA_PROPIO.list
 
16:15:42 **** Incremental Build of configuration Debug for project STM_CAMARA_PROPIO ****
make -j8 all 
arm-none-eabi-gcc "../Core/Src/main.c" -mcpu=cortex-m4 -std=gnu11 -g3 -DDEBUG -DUSE_HAL_DRIVER -DSTM32F407xx -c -I../USB_HOST/App -I../USB_HOST/Target -I../Core/Inc -I../Drivers/STM32F4xx_HAL_Driver/Inc -I../Drivers/STM32F4xx_HAL_Driver/Inc/Legacy -I../Middlewares/ST/STM32_USB_Host_Library/Core/Inc -I../Middlewares/ST/STM32_USB_Host_Library/Class/CDC/Inc -I../Drivers/CMSIS/Device/ST/STM32F4xx/Include -I../Drivers/CMSIS/Include -O0 -ffunction-sections -fdata-sections -Wall -fstack-usage -MMD -MP -MF"Core/Src/main.d" -MT"Core/Src/main.o" --specs=nano.specs -mfpu=fpv4-sp-d16 -mfloat-abi=hard -mthumb -o "Core/Src/main.o"
../Core/Src/main.c: In function 'main':
../Core/Src/main.c:153:3: warning: implicit declaration of function 'retarget_init' [-Wimplicit-function-declaration]
  153 |   retarget_init();
      |   ^~~~~~~~~~~~~
../Core/Src/main.c:203:11: warning: unused variable 'myImage1' [-Wunused-variable]
  203 |  uint8_t* myImage1;
      |           ^~~~~~~~
../Core/Src/main.c:202:11: warning: variable 'p_lcdData' set but not used [-Wunused-but-set-variable]
  202 |  uint8_t* p_lcdData;
      |           ^~~~~~~~~
In file included from ../Core/Src/main.c:27:
../Core/Src/main.c: At top level:
../Core/Src/./lcdIli9341/lcdIli9341.h:374:13: warning: 'drawCircleHelper' declared 'static' but never defined [-Wunused-function]
  374 | static void drawCircleHelper( int16_t x0, int16_t y0, int16_t r, uint8_t cornername, uint16_t color);
      |             ^~~~~~~~~~~~~~~~
../Core/Src/./lcdIli9341/lcdIli9341.h:375:13: warning: 'fillCircleHelper' declared 'static' but never defined [-Wunused-function]
  375 | static void fillCircleHelper(int16_t x0, int16_t y0, int16_t r, uint8_t cornername, int16_t delta, uint16_t color);
      |             ^~~~~~~~~~~~~~~~
arm-none-eabi-gcc -o "STM_CAMARA_PROPIO.elf" @"objects.list"   -mcpu=cortex-m4 -T"D:\PRUEBAS_CUBEIDE\PRUEBA_1_HUAWEI\STM_CAMARA_PROPIO\STM32F407VGTX_FLASH.ld" --specs=nosys.specs -Wl,-Map="STM_CAMARA_PROPIO.map" -Wl,--gc-sections -static --specs=nano.specs -mfpu=fpv4-sp-d16 -mfloat-abi=hard -mthumb -Wl,--start-group -lc -lm -Wl,--end-group
Finished building target: STM_CAMARA_PROPIO.elf
 
arm-none-eabi-size   STM_CAMARA_PROPIO.elf 
arm-none-eabi-objdump -h -S  STM_CAMARA_PROPIO.elf  > "STM_CAMARA_PROPIO.list"
   text	   data	    bss	    dec	    hex	filename
  51700	    156	   4220	  56076	   db0c	STM_CAMARA_PROPIO.elf
Finished building: default.size.stdout
 
Finished building: STM_CAMARA_PROPIO.list
 
16:16:51 **** Incremental Build of configuration Debug for project STM_CAMARA_PROPIO ****
make -j8 all 
arm-none-eabi-gcc "../Core/Src/main.c" -mcpu=cortex-m4 -std=gnu11 -g3 -DDEBUG -DUSE_HAL_DRIVER -DSTM32F407xx -c -I../USB_HOST/App -I../USB_HOST/Target -I../Core/Inc -I../Drivers/STM32F4xx_HAL_Driver/Inc -I../Drivers/STM32F4xx_HAL_Driver/Inc/Legacy -I../Middlewares/ST/STM32_USB_Host_Library/Core/Inc -I../Middlewares/ST/STM32_USB_Host_Library/Class/CDC/Inc -I../Drivers/CMSIS/Device/ST/STM32F4xx/Include -I../Drivers/CMSIS/Include -O0 -ffunction-sections -fdata-sections -Wall -fstack-usage -MMD -MP -MF"Core/Src/main.d" -MT"Core/Src/main.o" --specs=nano.specs -mfpu=fpv4-sp-d16 -mfloat-abi=hard -mthumb -o "Core/Src/main.o"
../Core/Src/main.c: In function 'main':
../Core/Src/main.c:153:3: warning: implicit declaration of function 'retarget_init' [-Wimplicit-function-declaration]
  153 |   retarget_init();
      |   ^~~~~~~~~~~~~
../Core/Src/main.c:203:11: warning: unused variable 'myImage1' [-Wunused-variable]
  203 |  uint8_t* myImage1;
      |           ^~~~~~~~
../Core/Src/main.c:202:11: warning: variable 'p_lcdData' set but not used [-Wunused-but-set-variable]
  202 |  uint8_t* p_lcdData;
      |           ^~~~~~~~~
In file included from ../Core/Src/main.c:27:
../Core/Src/main.c: At top level:
../Core/Src/./lcdIli9341/lcdIli9341.h:374:13: warning: 'drawCircleHelper' declared 'static' but never defined [-Wunused-function]
  374 | static void drawCircleHelper( int16_t x0, int16_t y0, int16_t r, uint8_t cornername, uint16_t color);
      |             ^~~~~~~~~~~~~~~~
../Core/Src/./lcdIli9341/lcdIli9341.h:375:13: warning: 'fillCircleHelper' declared 'static' but never defined [-Wunused-function]
  375 | static void fillCircleHelper(int16_t x0, int16_t y0, int16_t r, uint8_t cornername, int16_t delta, uint16_t color);
      |             ^~~~~~~~~~~~~~~~
arm-none-eabi-gcc -o "STM_CAMARA_PROPIO.elf" @"objects.list"   -mcpu=cortex-m4 -T"D:\PRUEBAS_CUBEIDE\PRUEBA_1_HUAWEI\STM_CAMARA_PROPIO\STM32F407VGTX_FLASH.ld" --specs=nosys.specs -Wl,-Map="STM_CAMARA_PROPIO.map" -Wl,--gc-sections -static --specs=nano.specs -mfpu=fpv4-sp-d16 -mfloat-abi=hard -mthumb -Wl,--start-group -lc -lm -Wl,--end-group
Finished building target: STM_CAMARA_PROPIO.elf
 
arm-none-eabi-size   STM_CAMARA_PROPIO.elf 
arm-none-eabi-objdump -h -S  STM_CAMARA_PROPIO.elf  > "STM_CAMARA_PROPIO.list"
   text	   data	    bss	    dec	    hex	filename
  51708	    156	   4220	  56084	   db14	STM_CAMARA_PROPIO.elf
Finished building: default.size.stdout
 
Finished building: STM_CAMARA_PROPIO.list
 
16:20:00 **** Incremental Build of configuration Debug for project STM_CAMARA_PROPIO ****
make -j8 all 
arm-none-eabi-gcc "../Core/Src/main.c" -mcpu=cortex-m4 -std=gnu11 -g3 -DDEBUG -DUSE_HAL_DRIVER -DSTM32F407xx -c -I../USB_HOST/App -I../USB_HOST/Target -I../Core/Inc -I../Drivers/STM32F4xx_HAL_Driver/Inc -I../Drivers/STM32F4xx_HAL_Driver/Inc/Legacy -I../Middlewares/ST/STM32_USB_Host_Library/Core/Inc -I../Middlewares/ST/STM32_USB_Host_Library/Class/CDC/Inc -I../Drivers/CMSIS/Device/ST/STM32F4xx/Include -I../Drivers/CMSIS/Include -O0 -ffunction-sections -fdata-sections -Wall -fstack-usage -MMD -MP -MF"Core/Src/main.d" -MT"Core/Src/main.o" --specs=nano.specs -mfpu=fpv4-sp-d16 -mfloat-abi=hard -mthumb -o "Core/Src/main.o"
../Core/Src/main.c: In function 'main':
../Core/Src/main.c:153:3: warning: implicit declaration of function 'retarget_init' [-Wimplicit-function-declaration]
  153 |   retarget_init();
      |   ^~~~~~~~~~~~~
../Core/Src/main.c:203:11: warning: unused variable 'myImage1' [-Wunused-variable]
  203 |  uint8_t* myImage1;
      |           ^~~~~~~~
../Core/Src/main.c:202:11: warning: variable 'p_lcdData' set but not used [-Wunused-but-set-variable]
  202 |  uint8_t* p_lcdData;
      |           ^~~~~~~~~
In file included from ../Core/Src/main.c:27:
../Core/Src/main.c: At top level:
../Core/Src/./lcdIli9341/lcdIli9341.h:374:13: warning: 'drawCircleHelper' declared 'static' but never defined [-Wunused-function]
  374 | static void drawCircleHelper( int16_t x0, int16_t y0, int16_t r, uint8_t cornername, uint16_t color);
      |             ^~~~~~~~~~~~~~~~
../Core/Src/./lcdIli9341/lcdIli9341.h:375:13: warning: 'fillCircleHelper' declared 'static' but never defined [-Wunused-function]
  375 | static void fillCircleHelper(int16_t x0, int16_t y0, int16_t r, uint8_t cornername, int16_t delta, uint16_t color);
      |             ^~~~~~~~~~~~~~~~
arm-none-eabi-gcc -o "STM_CAMARA_PROPIO.elf" @"objects.list"   -mcpu=cortex-m4 -T"D:\PRUEBAS_CUBEIDE\PRUEBA_1_HUAWEI\STM_CAMARA_PROPIO\STM32F407VGTX_FLASH.ld" --specs=nosys.specs -Wl,-Map="STM_CAMARA_PROPIO.map" -Wl,--gc-sections -static --specs=nano.specs -mfpu=fpv4-sp-d16 -mfloat-abi=hard -mthumb -Wl,--start-group -lc -lm -Wl,--end-group
Finished building target: STM_CAMARA_PROPIO.elf
 
arm-none-eabi-size   STM_CAMARA_PROPIO.elf 
arm-none-eabi-objdump -h -S  STM_CAMARA_PROPIO.elf  > "STM_CAMARA_PROPIO.list"
   text	   data	    bss	    dec	    hex	filename
  51708	    156	   4220	  56084	   db14	STM_CAMARA_PROPIO.elf
Finished building: default.size.stdout
 
Finished building: STM_CAMARA_PROPIO.list
 
16:22:15 **** Incremental Build of configuration Debug for project STM_CAMARA_PROPIO ****
make -j8 all 
arm-none-eabi-gcc "../Core/Src/ov7670/ov7670.c" -mcpu=cortex-m4 -std=gnu11 -g3 -DDEBUG -DUSE_HAL_DRIVER -DSTM32F407xx -c -I../USB_HOST/App -I../USB_HOST/Target -I../Core/Inc -I../Drivers/STM32F4xx_HAL_Driver/Inc -I../Drivers/STM32F4xx_HAL_Driver/Inc/Legacy -I../Middlewares/ST/STM32_USB_Host_Library/Core/Inc -I../Middlewares/ST/STM32_USB_Host_Library/Class/CDC/Inc -I../Drivers/CMSIS/Device/ST/STM32F4xx/Include -I../Drivers/CMSIS/Include -O0 -ffunction-sections -fdata-sections -Wall -fstack-usage -MMD -MP -MF"Core/Src/ov7670/ov7670.d" -MT"Core/Src/ov7670/ov7670.o" --specs=nano.specs -mfpu=fpv4-sp-d16 -mfloat-abi=hard -mthumb -o "Core/Src/ov7670/ov7670.o"
arm-none-eabi-gcc -o "STM_CAMARA_PROPIO.elf" @"objects.list"   -mcpu=cortex-m4 -T"D:\PRUEBAS_CUBEIDE\PRUEBA_1_HUAWEI\STM_CAMARA_PROPIO\STM32F407VGTX_FLASH.ld" --specs=nosys.specs -Wl,-Map="STM_CAMARA_PROPIO.map" -Wl,--gc-sections -static --specs=nano.specs -mfpu=fpv4-sp-d16 -mfloat-abi=hard -mthumb -Wl,--start-group -lc -lm -Wl,--end-group
Finished building target: STM_CAMARA_PROPIO.elf
 
arm-none-eabi-size   STM_CAMARA_PROPIO.elf 
arm-none-eabi-objdump -h -S  STM_CAMARA_PROPIO.elf  > "STM_CAMARA_PROPIO.list"
   text	   data	    bss	    dec	    hex	filename
  51708	    156	   4220	  56084	   db14	STM_CAMARA_PROPIO.elf
Finished building: default.size.stdout
 
Finished building: STM_CAMARA_PROPIO.list
 
16:22:54 **** Incremental Build of configuration Debug for project STM_CAMARA_PROPIO ****
make -j8 all 
arm-none-eabi-gcc "../Core/Src/main.c" -mcpu=cortex-m4 -std=gnu11 -g3 -DDEBUG -DUSE_HAL_DRIVER -DSTM32F407xx -c -I../USB_HOST/App -I../USB_HOST/Target -I../Core/Inc -I../Drivers/STM32F4xx_HAL_Driver/Inc -I../Drivers/STM32F4xx_HAL_Driver/Inc/Legacy -I../Middlewares/ST/STM32_USB_Host_Library/Core/Inc -I../Middlewares/ST/STM32_USB_Host_Library/Class/CDC/Inc -I../Drivers/CMSIS/Device/ST/STM32F4xx/Include -I../Drivers/CMSIS/Include -O0 -ffunction-sections -fdata-sections -Wall -fstack-usage -MMD -MP -MF"Core/Src/main.d" -MT"Core/Src/main.o" --specs=nano.specs -mfpu=fpv4-sp-d16 -mfloat-abi=hard -mthumb -o "Core/Src/main.o"
../Core/Src/main.c: In function 'main':
../Core/Src/main.c:153:3: warning: implicit declaration of function 'retarget_init' [-Wimplicit-function-declaration]
  153 |   retarget_init();
      |   ^~~~~~~~~~~~~
../Core/Src/main.c:203:11: warning: unused variable 'myImage1' [-Wunused-variable]
  203 |  uint8_t* myImage1;
      |           ^~~~~~~~
../Core/Src/main.c:202:11: warning: variable 'p_lcdData' set but not used [-Wunused-but-set-variable]
  202 |  uint8_t* p_lcdData;
      |           ^~~~~~~~~
In file included from ../Core/Src/main.c:27:
../Core/Src/main.c: At top level:
../Core/Src/./lcdIli9341/lcdIli9341.h:374:13: warning: 'drawCircleHelper' declared 'static' but never defined [-Wunused-function]
  374 | static void drawCircleHelper( int16_t x0, int16_t y0, int16_t r, uint8_t cornername, uint16_t color);
      |             ^~~~~~~~~~~~~~~~
../Core/Src/./lcdIli9341/lcdIli9341.h:375:13: warning: 'fillCircleHelper' declared 'static' but never defined [-Wunused-function]
  375 | static void fillCircleHelper(int16_t x0, int16_t y0, int16_t r, uint8_t cornername, int16_t delta, uint16_t color);
      |             ^~~~~~~~~~~~~~~~
arm-none-eabi-gcc -o "STM_CAMARA_PROPIO.elf" @"objects.list"   -mcpu=cortex-m4 -T"D:\PRUEBAS_CUBEIDE\PRUEBA_1_HUAWEI\STM_CAMARA_PROPIO\STM32F407VGTX_FLASH.ld" --specs=nosys.specs -Wl,-Map="STM_CAMARA_PROPIO.map" -Wl,--gc-sections -static --specs=nano.specs -mfpu=fpv4-sp-d16 -mfloat-abi=hard -mthumb -Wl,--start-group -lc -lm -Wl,--end-group
Finished building target: STM_CAMARA_PROPIO.elf
 
arm-none-eabi-size   STM_CAMARA_PROPIO.elf 
arm-none-eabi-objdump -h -S  STM_CAMARA_PROPIO.elf  > "STM_CAMARA_PROPIO.list"
   text	   data	    bss	    dec	    hex	filename
  51708	    156	   4220	  56084	   db14	STM_CAMARA_PROPIO.elf
Finished building: default.size.stdout
 
Finished building: STM_CAMARA_PROPIO.list
 
